[2023-08-02T15:11:03.410+0000] {taskinstance.py:1087} INFO - Dependencies all met for <TaskInstance: project_user_etl_dag.transform manual__2023-08-02T15:05:16.009000+00:00 [queued]>
[2023-08-02T15:11:03.526+0000] {taskinstance.py:1087} INFO - Dependencies all met for <TaskInstance: project_user_etl_dag.transform manual__2023-08-02T15:05:16.009000+00:00 [queued]>
[2023-08-02T15:11:03.536+0000] {taskinstance.py:1283} INFO - 
--------------------------------------------------------------------------------
[2023-08-02T15:11:03.568+0000] {taskinstance.py:1284} INFO - Starting attempt 2 of 2
[2023-08-02T15:11:03.569+0000] {taskinstance.py:1285} INFO - 
--------------------------------------------------------------------------------
[2023-08-02T15:11:03.768+0000] {taskinstance.py:1304} INFO - Executing <Task(PythonOperator): transform> on 2023-08-02 15:05:16.009000+00:00
[2023-08-02T15:11:03.789+0000] {standard_task_runner.py:55} INFO - Started process 10720 to run task
[2023-08-02T15:11:03.820+0000] {standard_task_runner.py:82} INFO - Running: ['***', 'tasks', 'run', 'project_user_etl_dag', 'transform', 'manual__2023-08-02T15:05:16.009000+00:00', '--job-id', '3230', '--raw', '--subdir', 'DAGS_FOLDER/project.py', '--cfg-path', '/tmp/tmprntvm3u6']
[2023-08-02T15:11:03.842+0000] {standard_task_runner.py:83} INFO - Job 3230: Subtask transform
[2023-08-02T15:11:05.606+0000] {task_command.py:389} INFO - Running <TaskInstance: project_user_etl_dag.transform manual__2023-08-02T15:05:16.009000+00:00 [running]> on host a4a69aba7e5b
[2023-08-02T15:11:07.054+0000] {taskinstance.py:1513} INFO - Exporting the following env vars:
AIRFLOW_CTX_DAG_EMAIL=your_email@example.com
AIRFLOW_CTX_DAG_OWNER=***
AIRFLOW_CTX_DAG_ID=project_user_etl_dag
AIRFLOW_CTX_TASK_ID=transform
AIRFLOW_CTX_EXECUTION_DATE=2023-08-02T15:05:16.009000+00:00
AIRFLOW_CTX_TRY_NUMBER=2
AIRFLOW_CTX_DAG_RUN_ID=manual__2023-08-02T15:05:16.009000+00:00
[2023-08-02T15:11:07.069+0000] {taskinstance.py:1772} ERROR - Task failed with exception
Traceback (most recent call last):
  File "/home/airflow/.local/lib/python3.7/site-packages/airflow/operators/python.py", line 175, in execute
    return_value = self.execute_callable()
  File "/home/airflow/.local/lib/python3.7/site-packages/airflow/operators/python.py", line 192, in execute_callable
    return self.python_callable(*self.op_args, **self.op_kwargs)
TypeError: transform_data() missing 1 required positional argument: 'data'
[2023-08-02T15:11:07.184+0000] {taskinstance.py:1327} INFO - Marking task as FAILED. dag_id=project_user_etl_dag, task_id=transform, execution_date=20230802T150516, start_date=20230802T151103, end_date=20230802T151107
[2023-08-02T15:11:07.504+0000] {standard_task_runner.py:105} ERROR - Failed to execute job 3230 for task transform (transform_data() missing 1 required positional argument: 'data'; 10720)
[2023-08-02T15:11:07.665+0000] {local_task_job.py:159} INFO - Task exited with return code 1
[2023-08-02T15:11:08.199+0000] {taskinstance.py:2582} INFO - 0 downstream tasks scheduled from follow-on schedule check
